0 info it worked if it ends with ok
1 verbose cli [ 'C:\\Program Files (x86)\\nodejs\\node.exe',
1 verbose cli   'C:\\Users\\Colin\\AppData\\Roaming\\npm\\node_modules\\npm\\bin\\npm-cli.js',
1 verbose cli   'install',
1 verbose cli   'rpi-gpio' ]
2 info using npm@3.8.6
3 info using node@v4.2.1
4 silly loadCurrentTree Starting
5 silly install loadCurrentTree
6 silly install readLocalPackageData
7 silly fetchPackageMetaData rpi-gpio
8 silly fetchNamedPackageData rpi-gpio
9 silly mapToRegistry name rpi-gpio
10 silly mapToRegistry using default registry
11 silly mapToRegistry registry https://registry.npmjs.org/
12 silly mapToRegistry data Result {
12 silly mapToRegistry   raw: 'rpi-gpio',
12 silly mapToRegistry   scope: null,
12 silly mapToRegistry   name: 'rpi-gpio',
12 silly mapToRegistry   rawSpec: '',
12 silly mapToRegistry   spec: 'latest',
12 silly mapToRegistry   type: 'tag' }
13 silly mapToRegistry uri https://registry.npmjs.org/rpi-gpio
14 verbose request uri https://registry.npmjs.org/rpi-gpio
15 verbose request no auth needed
16 info attempt registry request try #1 at 4:08:23 PM
17 verbose request id 0611196a9941cee1
18 http request GET https://registry.npmjs.org/rpi-gpio
19 http 200 https://registry.npmjs.org/rpi-gpio
20 verbose headers { server: 'CouchDB/1.5.0 (Erlang OTP/R16B03)',
20 verbose headers   etag: '"8WQU0TTH61O4B9F6HTQO0Z641"',
20 verbose headers   'content-type': 'application/json',
20 verbose headers   'content-encoding': 'gzip',
20 verbose headers   'cache-control': 'max-age=300',
20 verbose headers   'content-length': '5331',
20 verbose headers   'accept-ranges': 'bytes',
20 verbose headers   date: 'Mon, 29 Aug 2016 20:08:23 GMT',
20 verbose headers   via: '1.1 varnish',
20 verbose headers   age: '0',
20 verbose headers   connection: 'keep-alive',
20 verbose headers   'x-served-by': 'cache-yyz8334-YYZ',
20 verbose headers   'x-cache': 'MISS',
20 verbose headers   'x-cache-hits': '0',
20 verbose headers   'x-timer': 'S1472501303.241692,VS0,VE61',
20 verbose headers   vary: 'Accept-Encoding' }
21 silly get cb [ 200,
21 silly get   { server: 'CouchDB/1.5.0 (Erlang OTP/R16B03)',
21 silly get     etag: '"8WQU0TTH61O4B9F6HTQO0Z641"',
21 silly get     'content-type': 'application/json',
21 silly get     'content-encoding': 'gzip',
21 silly get     'cache-control': 'max-age=300',
21 silly get     'content-length': '5331',
21 silly get     'accept-ranges': 'bytes',
21 silly get     date: 'Mon, 29 Aug 2016 20:08:23 GMT',
21 silly get     via: '1.1 varnish',
21 silly get     age: '0',
21 silly get     connection: 'keep-alive',
21 silly get     'x-served-by': 'cache-yyz8334-YYZ',
21 silly get     'x-cache': 'MISS',
21 silly get     'x-cache-hits': '0',
21 silly get     'x-timer': 'S1472501303.241692,VS0,VE61',
21 silly get     vary: 'Accept-Encoding' } ]
22 verbose get saving rpi-gpio to C:\Users\Colin\AppData\Roaming\npm-cache\registry.npmjs.org\rpi-gpio\.cache.json
23 verbose correctMkdir C:\Users\Colin\AppData\Roaming\npm-cache correctMkdir not in flight; initializing
24 silly install normalizeTree
25 silly loadCurrentTree Finishing
26 silly loadIdealTree Starting
27 silly install loadIdealTree
28 silly cloneCurrentTree Starting
29 silly install cloneCurrentTreeToIdealTree
30 silly cloneCurrentTree Finishing
31 silly loadShrinkwrap Starting
32 silly install loadShrinkwrap
33 silly loadShrinkwrap Finishing
34 silly loadAllDepsIntoIdealTree Starting
35 silly install loadAllDepsIntoIdealTree
36 silly resolveWithNewModule rpi-gpio@0.7.0 checking installable status
37 silly cache add args [ 'rpi-gpio', null ]
38 verbose cache add spec rpi-gpio
39 silly cache add parsed spec Result {
39 silly cache add   raw: 'rpi-gpio',
39 silly cache add   scope: null,
39 silly cache add   name: 'rpi-gpio',
39 silly cache add   rawSpec: '',
39 silly cache add   spec: 'latest',
39 silly cache add   type: 'tag' }
40 silly addNamed rpi-gpio@latest
41 verbose addNamed "latest" is being treated as a dist-tag for rpi-gpio
42 info addNameTag [ 'rpi-gpio', 'latest' ]
43 silly mapToRegistry name rpi-gpio
44 silly mapToRegistry using default registry
45 silly mapToRegistry registry https://registry.npmjs.org/
46 silly mapToRegistry data Result {
46 silly mapToRegistry   raw: 'rpi-gpio',
46 silly mapToRegistry   scope: null,
46 silly mapToRegistry   name: 'rpi-gpio',
46 silly mapToRegistry   rawSpec: '',
46 silly mapToRegistry   spec: 'latest',
46 silly mapToRegistry   type: 'tag' }
47 silly mapToRegistry uri https://registry.npmjs.org/rpi-gpio
48 verbose addNameTag registry:https://registry.npmjs.org/rpi-gpio not in flight; fetching
49 verbose get https://registry.npmjs.org/rpi-gpio not expired, no request
50 silly addNameTag next cb for rpi-gpio with tag latest
51 silly addNamed rpi-gpio@0.7.0
52 verbose addNamed "0.7.0" is a plain semver version for rpi-gpio
53 silly mapToRegistry name rpi-gpio
54 silly mapToRegistry using default registry
55 silly mapToRegistry registry https://registry.npmjs.org/
56 silly mapToRegistry data Result {
56 silly mapToRegistry   raw: 'rpi-gpio',
56 silly mapToRegistry   scope: null,
56 silly mapToRegistry   name: 'rpi-gpio',
56 silly mapToRegistry   rawSpec: '',
56 silly mapToRegistry   spec: 'latest',
56 silly mapToRegistry   type: 'tag' }
57 silly mapToRegistry uri https://registry.npmjs.org/rpi-gpio
58 verbose addRemoteTarball https://registry.npmjs.org/rpi-gpio/-/rpi-gpio-0.7.0.tgz not in flight; adding
59 verbose addRemoteTarball [ 'https://registry.npmjs.org/rpi-gpio/-/rpi-gpio-0.7.0.tgz',
59 verbose addRemoteTarball   'a71ea43a2701d13ae9003ef0e46c6bcd3dc413ca' ]
60 info retry fetch attempt 1 at 4:08:23 PM
61 info attempt registry request try #1 at 4:08:23 PM
62 http fetch GET https://registry.npmjs.org/rpi-gpio/-/rpi-gpio-0.7.0.tgz
63 http fetch 200 https://registry.npmjs.org/rpi-gpio/-/rpi-gpio-0.7.0.tgz
64 silly fetchAndShaCheck shasum a71ea43a2701d13ae9003ef0e46c6bcd3dc413ca
65 verbose addTmpTarball C:\Users\Colin\AppData\Local\Temp\npm-2936-36772a63\registry.npmjs.org\rpi-gpio\-\rpi-gpio-0.7.0.tgz not in flight; adding
66 verbose addTmpTarball already have metadata; skipping unpack for rpi-gpio@0.7.0
67 verbose correctMkdir C:\Users\Colin\AppData\Roaming\npm-cache correctMkdir not in flight; initializing
68 silly cache afterAdd rpi-gpio@0.7.0
69 verbose afterAdd C:\Users\Colin\AppData\Roaming\npm-cache\rpi-gpio\0.7.0\package\package.json not in flight; writing
70 verbose correctMkdir C:\Users\Colin\AppData\Roaming\npm-cache correctMkdir not in flight; initializing
71 verbose afterAdd C:\Users\Colin\AppData\Roaming\npm-cache\rpi-gpio\0.7.0\package\package.json written
72 silly fetchNamedPackageData async
73 silly mapToRegistry name async
74 silly mapToRegistry using default registry
75 silly mapToRegistry registry https://registry.npmjs.org/
76 silly mapToRegistry data Result {
76 silly mapToRegistry   raw: 'async',
76 silly mapToRegistry   scope: null,
76 silly mapToRegistry   name: 'async',
76 silly mapToRegistry   rawSpec: '',
76 silly mapToRegistry   spec: 'latest',
76 silly mapToRegistry   type: 'tag' }
77 silly mapToRegistry uri https://registry.npmjs.org/async
78 silly fetchNamedPackageData debug
79 silly mapToRegistry name debug
80 silly mapToRegistry using default registry
81 silly mapToRegistry registry https://registry.npmjs.org/
82 silly mapToRegistry data Result {
82 silly mapToRegistry   raw: 'debug',
82 silly mapToRegistry   scope: null,
82 silly mapToRegistry   name: 'debug',
82 silly mapToRegistry   rawSpec: '',
82 silly mapToRegistry   spec: 'latest',
82 silly mapToRegistry   type: 'tag' }
83 silly mapToRegistry uri https://registry.npmjs.org/debug
84 silly fetchNamedPackageData epoll
85 silly mapToRegistry name epoll
86 silly mapToRegistry using default registry
87 silly mapToRegistry registry https://registry.npmjs.org/
88 silly mapToRegistry data Result {
88 silly mapToRegistry   raw: 'epoll',
88 silly mapToRegistry   scope: null,
88 silly mapToRegistry   name: 'epoll',
88 silly mapToRegistry   rawSpec: '',
88 silly mapToRegistry   spec: 'latest',
88 silly mapToRegistry   type: 'tag' }
89 silly mapToRegistry uri https://registry.npmjs.org/epoll
90 verbose request uri https://registry.npmjs.org/epoll
91 verbose request no auth needed
92 info attempt registry request try #1 at 4:08:23 PM
93 verbose etag "SC8SO2E3HUE89E4YOI0PYCED"
94 http request GET https://registry.npmjs.org/epoll
95 verbose request uri https://registry.npmjs.org/debug
96 verbose request no auth needed
97 info attempt registry request try #1 at 4:08:23 PM
98 verbose etag "4HYI298QH7VZ47KWZI339FNZY"
99 http request GET https://registry.npmjs.org/debug
100 verbose request uri https://registry.npmjs.org/async
101 verbose request no auth needed
102 info attempt registry request try #1 at 4:08:23 PM
103 verbose etag "6DEOF6OFCRVC3XPEDRV5BE1HS"
104 http request GET https://registry.npmjs.org/async
105 http 304 https://registry.npmjs.org/epoll
106 verbose headers { date: 'Mon, 29 Aug 2016 20:08:23 GMT',
106 verbose headers   via: '1.1 varnish',
106 verbose headers   'cache-control': 'max-age=300',
106 verbose headers   etag: '"SC8SO2E3HUE89E4YOI0PYCED"',
106 verbose headers   age: '69',
106 verbose headers   connection: 'keep-alive',
106 verbose headers   'x-served-by': 'cache-yyz8333-YYZ',
106 verbose headers   'x-cache': 'HIT',
106 verbose headers   'x-cache-hits': '1',
106 verbose headers   'x-timer': 'S1472501303.816377,VS0,VE0',
106 verbose headers   vary: 'Accept-Encoding' }
107 silly get cb [ 304,
107 silly get   { date: 'Mon, 29 Aug 2016 20:08:23 GMT',
107 silly get     via: '1.1 varnish',
107 silly get     'cache-control': 'max-age=300',
107 silly get     etag: '"SC8SO2E3HUE89E4YOI0PYCED"',
107 silly get     age: '69',
107 silly get     connection: 'keep-alive',
107 silly get     'x-served-by': 'cache-yyz8333-YYZ',
107 silly get     'x-cache': 'HIT',
107 silly get     'x-cache-hits': '1',
107 silly get     'x-timer': 'S1472501303.816377,VS0,VE0',
107 silly get     vary: 'Accept-Encoding' } ]
108 verbose etag https://registry.npmjs.org/epoll from cache
109 verbose get saving epoll to C:\Users\Colin\AppData\Roaming\npm-cache\registry.npmjs.org\epoll\.cache.json
110 verbose correctMkdir C:\Users\Colin\AppData\Roaming\npm-cache correctMkdir not in flight; initializing
111 silly resolveWithNewModule epoll@0.1.20 checking installable status
112 silly cache add args [ 'epoll@0.1.x', null ]
113 verbose cache add spec epoll@0.1.x
114 silly cache add parsed spec Result {
114 silly cache add   raw: 'epoll@0.1.x',
114 silly cache add   scope: null,
114 silly cache add   name: 'epoll',
114 silly cache add   rawSpec: '0.1.x',
114 silly cache add   spec: '>=0.1.0 <0.2.0',
114 silly cache add   type: 'range' }
115 silly addNamed epoll@>=0.1.0 <0.2.0
116 verbose addNamed ">=0.1.0 <0.2.0" is a valid semver range for epoll
117 silly addNameRange { name: 'epoll', range: '>=0.1.0 <0.2.0', hasData: false }
118 silly mapToRegistry name epoll
119 silly mapToRegistry using default registry
120 silly mapToRegistry registry https://registry.npmjs.org/
121 silly mapToRegistry data Result {
121 silly mapToRegistry   raw: 'epoll',
121 silly mapToRegistry   scope: null,
121 silly mapToRegistry   name: 'epoll',
121 silly mapToRegistry   rawSpec: '',
121 silly mapToRegistry   spec: 'latest',
121 silly mapToRegistry   type: 'tag' }
122 silly mapToRegistry uri https://registry.npmjs.org/epoll
123 verbose addNameRange registry:https://registry.npmjs.org/epoll not in flight; fetching
124 http 200 https://registry.npmjs.org/debug
125 verbose headers { server: 'CouchDB/1.6.1 (Erlang OTP/R16B03)',
125 verbose headers   etag: '"7INEXGS9KEZGEI4VY88F3GA44"',
125 verbose headers   'content-type': 'application/json',
125 verbose headers   'content-encoding': 'gzip',
125 verbose headers   'cache-control': 'max-age=300',
125 verbose headers   'content-length': '9358',
125 verbose headers   'accept-ranges': 'bytes',
125 verbose headers   date: 'Mon, 29 Aug 2016 20:08:23 GMT',
125 verbose headers   via: '1.1 varnish',
125 verbose headers   age: '132',
125 verbose headers   connection: 'keep-alive',
125 verbose headers   'x-served-by': 'cache-yyz8329-YYZ',
125 verbose headers   'x-cache': 'HIT',
125 verbose headers   'x-cache-hits': '1',
125 verbose headers   'x-timer': 'S1472501303.820462,VS0,VE0',
125 verbose headers   vary: 'Accept-Encoding' }
126 silly get cb [ 200,
126 silly get   { server: 'CouchDB/1.6.1 (Erlang OTP/R16B03)',
126 silly get     etag: '"7INEXGS9KEZGEI4VY88F3GA44"',
126 silly get     'content-type': 'application/json',
126 silly get     'content-encoding': 'gzip',
126 silly get     'cache-control': 'max-age=300',
126 silly get     'content-length': '9358',
126 silly get     'accept-ranges': 'bytes',
126 silly get     date: 'Mon, 29 Aug 2016 20:08:23 GMT',
126 silly get     via: '1.1 varnish',
126 silly get     age: '132',
126 silly get     connection: 'keep-alive',
126 silly get     'x-served-by': 'cache-yyz8329-YYZ',
126 silly get     'x-cache': 'HIT',
126 silly get     'x-cache-hits': '1',
126 silly get     'x-timer': 'S1472501303.820462,VS0,VE0',
126 silly get     vary: 'Accept-Encoding' } ]
127 verbose get saving debug to C:\Users\Colin\AppData\Roaming\npm-cache\registry.npmjs.org\debug\.cache.json
128 verbose correctMkdir C:\Users\Colin\AppData\Roaming\npm-cache correctMkdir not in flight; initializing
129 verbose get https://registry.npmjs.org/epoll not expired, no request
130 silly addNameRange number 2 { name: 'epoll', range: '>=0.1.0 <0.2.0', hasData: true }
131 silly addNameRange versions [ 'epoll',
131 silly addNameRange   [ '0.0.1',
131 silly addNameRange     '0.0.2',
131 silly addNameRange     '0.0.3',
131 silly addNameRange     '0.0.4',
131 silly addNameRange     '0.0.5',
131 silly addNameRange     '0.0.6',
131 silly addNameRange     '0.0.7',
131 silly addNameRange     '0.0.8',
131 silly addNameRange     '0.1.0',
131 silly addNameRange     '0.1.1',
131 silly addNameRange     '0.1.2',
131 silly addNameRange     '0.1.3',
131 silly addNameRange     '0.1.4',
131 silly addNameRange     '0.1.5',
131 silly addNameRange     '0.1.7',
131 silly addNameRange     '0.1.8',
131 silly addNameRange     '0.1.9',
131 silly addNameRange     '0.1.10',
131 silly addNameRange     '0.1.11',
131 silly addNameRange     '0.1.12',
131 silly addNameRange     '0.1.13',
131 silly addNameRange     '0.1.14',
131 silly addNameRange     '0.1.15',
131 silly addNameRange     '0.1.16',
131 silly addNameRange     '0.1.17',
131 silly addNameRange     '0.1.18',
131 silly addNameRange     '0.1.19',
131 silly addNameRange     '0.1.20' ] ]
132 silly addNamed epoll@0.1.20
133 verbose addNamed "0.1.20" is a plain semver version for epoll
134 silly cache afterAdd epoll@0.1.20
135 verbose afterAdd C:\Users\Colin\AppData\Roaming\npm-cache\epoll\0.1.20\package\package.json not in flight; writing
136 verbose correctMkdir C:\Users\Colin\AppData\Roaming\npm-cache correctMkdir not in flight; initializing
137 silly resolveWithNewModule debug@2.2.0 checking installable status
138 silly cache add args [ 'debug@2.x', null ]
139 verbose cache add spec debug@2.x
140 silly cache add parsed spec Result {
140 silly cache add   raw: 'debug@2.x',
140 silly cache add   scope: null,
140 silly cache add   name: 'debug',
140 silly cache add   rawSpec: '2.x',
140 silly cache add   spec: '>=2.0.0 <3.0.0',
140 silly cache add   type: 'range' }
141 silly addNamed debug@>=2.0.0 <3.0.0
142 verbose addNamed ">=2.0.0 <3.0.0" is a valid semver range for debug
143 silly addNameRange { name: 'debug', range: '>=2.0.0 <3.0.0', hasData: false }
144 silly mapToRegistry name debug
145 silly mapToRegistry using default registry
146 silly mapToRegistry registry https://registry.npmjs.org/
147 silly mapToRegistry data Result {
147 silly mapToRegistry   raw: 'debug',
147 silly mapToRegistry   scope: null,
147 silly mapToRegistry   name: 'debug',
147 silly mapToRegistry   rawSpec: '',
147 silly mapToRegistry   spec: 'latest',
147 silly mapToRegistry   type: 'tag' }
148 silly mapToRegistry uri https://registry.npmjs.org/debug
149 verbose addNameRange registry:https://registry.npmjs.org/debug not in flight; fetching
150 http 200 https://registry.npmjs.org/async
151 verbose headers { server: 'CouchDB/1.5.0 (Erlang OTP/R16B03)',
151 verbose headers   etag: '"8PKLYDKPZIXOFULWKH5EQLK92"',
151 verbose headers   'content-type': 'application/json',
151 verbose headers   'content-encoding': 'gzip',
151 verbose headers   'cache-control': 'max-age=300',
151 verbose headers   'content-length': '16865',
151 verbose headers   'accept-ranges': 'bytes',
151 verbose headers   date: 'Mon, 29 Aug 2016 20:08:23 GMT',
151 verbose headers   via: '1.1 varnish',
151 verbose headers   age: '39',
151 verbose headers   connection: 'keep-alive',
151 verbose headers   'x-served-by': 'cache-yyz8329-YYZ',
151 verbose headers   'x-cache': 'HIT',
151 verbose headers   'x-cache-hits': '3',
151 verbose headers   'x-timer': 'S1472501303.820038,VS0,VE0',
151 verbose headers   vary: 'Accept-Encoding' }
152 silly get cb [ 200,
152 silly get   { server: 'CouchDB/1.5.0 (Erlang OTP/R16B03)',
152 silly get     etag: '"8PKLYDKPZIXOFULWKH5EQLK92"',
152 silly get     'content-type': 'application/json',
152 silly get     'content-encoding': 'gzip',
152 silly get     'cache-control': 'max-age=300',
152 silly get     'content-length': '16865',
152 silly get     'accept-ranges': 'bytes',
152 silly get     date: 'Mon, 29 Aug 2016 20:08:23 GMT',
152 silly get     via: '1.1 varnish',
152 silly get     age: '39',
152 silly get     connection: 'keep-alive',
152 silly get     'x-served-by': 'cache-yyz8329-YYZ',
152 silly get     'x-cache': 'HIT',
152 silly get     'x-cache-hits': '3',
152 silly get     'x-timer': 'S1472501303.820038,VS0,VE0',
152 silly get     vary: 'Accept-Encoding' } ]
153 verbose get saving async to C:\Users\Colin\AppData\Roaming\npm-cache\registry.npmjs.org\async\.cache.json
154 verbose correctMkdir C:\Users\Colin\AppData\Roaming\npm-cache correctMkdir not in flight; initializing
155 verbose get https://registry.npmjs.org/debug not expired, no request
156 silly addNameRange number 2 { name: 'debug', range: '>=2.0.0 <3.0.0', hasData: true }
157 silly addNameRange versions [ 'debug',
157 silly addNameRange   [ '0.0.1',
157 silly addNameRange     '0.1.0',
157 silly addNameRange     '0.2.0',
157 silly addNameRange     '0.3.0',
157 silly addNameRange     '0.4.0',
157 silly addNameRange     '0.4.1',
157 silly addNameRange     '0.5.0',
157 silly addNameRange     '0.6.0',
157 silly addNameRange     '0.7.0',
157 silly addNameRange     '0.7.1',
157 silly addNameRange     '0.7.2',
157 silly addNameRange     '0.7.3',
157 silly addNameRange     '0.7.4',
157 silly addNameRange     '0.8.0',
157 silly addNameRange     '0.8.1',
157 silly addNameRange     '1.0.0',
157 silly addNameRange     '1.0.1',
157 silly addNameRange     '1.0.2',
157 silly addNameRange     '1.0.3',
157 silly addNameRange     '1.0.4',
157 silly addNameRange     '2.0.0',
157 silly addNameRange     '2.1.0',
157 silly addNameRange     '2.1.1',
157 silly addNameRange     '2.1.2',
157 silly addNameRange     '2.1.3',
157 silly addNameRange     '2.2.0' ] ]
158 silly addNamed debug@2.2.0
159 verbose addNamed "2.2.0" is a plain semver version for debug
160 verbose afterAdd C:\Users\Colin\AppData\Roaming\npm-cache\epoll\0.1.20\package\package.json written
161 silly cache afterAdd debug@2.2.0
162 verbose afterAdd C:\Users\Colin\AppData\Roaming\npm-cache\debug\2.2.0\package\package.json not in flight; writing
163 verbose correctMkdir C:\Users\Colin\AppData\Roaming\npm-cache correctMkdir not in flight; initializing
164 silly resolveWithNewModule async@1.5.2 checking installable status
165 silly cache add args [ 'async@1.x', null ]
166 verbose cache add spec async@1.x
167 silly cache add parsed spec Result {
167 silly cache add   raw: 'async@1.x',
167 silly cache add   scope: null,
167 silly cache add   name: 'async',
167 silly cache add   rawSpec: '1.x',
167 silly cache add   spec: '>=1.0.0 <2.0.0',
167 silly cache add   type: 'range' }
168 silly addNamed async@>=1.0.0 <2.0.0
169 verbose addNamed ">=1.0.0 <2.0.0" is a valid semver range for async
170 silly addNameRange { name: 'async', range: '>=1.0.0 <2.0.0', hasData: false }
171 silly mapToRegistry name async
172 silly mapToRegistry using default registry
173 silly mapToRegistry registry https://registry.npmjs.org/
174 silly mapToRegistry data Result {
174 silly mapToRegistry   raw: 'async',
174 silly mapToRegistry   scope: null,
174 silly mapToRegistry   name: 'async',
174 silly mapToRegistry   rawSpec: '',
174 silly mapToRegistry   spec: 'latest',
174 silly mapToRegistry   type: 'tag' }
175 silly mapToRegistry uri https://registry.npmjs.org/async
176 verbose addNameRange registry:https://registry.npmjs.org/async not in flight; fetching
177 verbose get https://registry.npmjs.org/async not expired, no request
178 silly addNameRange number 2 { name: 'async', range: '>=1.0.0 <2.0.0', hasData: true }
179 silly addNameRange versions [ 'async',
179 silly addNameRange   [ '0.1.0',
179 silly addNameRange     '0.1.1',
179 silly addNameRange     '0.1.2',
179 silly addNameRange     '0.1.3',
179 silly addNameRange     '0.1.4',
179 silly addNameRange     '0.1.5',
179 silly addNameRange     '0.1.6',
179 silly addNameRange     '0.1.7',
179 silly addNameRange     '0.1.8',
179 silly addNameRange     '0.1.9',
179 silly addNameRange     '0.1.10',
179 silly addNameRange     '0.1.11',
179 silly addNameRange     '0.1.12',
179 silly addNameRange     '0.1.13',
179 silly addNameRange     '0.1.14',
179 silly addNameRange     '0.1.15',
179 silly addNameRange     '0.1.16',
179 silly addNameRange     '0.1.17',
179 silly addNameRange     '0.1.18',
179 silly addNameRange     '0.1.19',
179 silly addNameRange     '0.1.20',
179 silly addNameRange     '0.1.21',
179 silly addNameRange     '0.1.22',
179 silly addNameRange     '0.2.0',
179 silly addNameRange     '0.2.1',
179 silly addNameRange     '0.2.2',
179 silly addNameRange     '0.2.3',
179 silly addNameRange     '0.2.4',
179 silly addNameRange     '0.2.5',
179 silly addNameRange     '0.2.6',
179 silly addNameRange     '0.2.7',
179 silly addNameRange     '0.2.8',
179 silly addNameRange     '0.2.9',
179 silly addNameRange     '0.2.10',
179 silly addNameRange     '0.3.0',
179 silly addNameRange     '0.4.0',
179 silly addNameRange     '0.4.1',
179 silly addNameRange     '0.5.0',
179 silly addNameRange     '0.6.0',
179 silly addNameRange     '0.6.1',
179 silly addNameRange     '0.6.2',
179 silly addNameRange     '0.7.0',
179 silly addNameRange     '0.8.0',
179 silly addNameRange     '0.9.0',
179 silly addNameRange     '0.9.2',
179 silly addNameRange     '1.0.0',
179 silly addNameRange     '1.1.0',
179 silly addNameRange     '1.2.0',
179 silly addNameRange     '1.1.1',
179 silly addNameRange     '1.2.1',
179 silly addNameRange     '1.3.0',
179 silly addNameRange     '1.4.0',
179 silly addNameRange     '1.4.1',
179 silly addNameRange     '1.4.2',
179 silly addNameRange     '1.5.0',
179 silly addNameRange     '1.5.1',
179 silly addNameRange     '1.5.2',
179 silly addNameRange     '2.0.0-alpha.0',
179 silly addNameRange     '2.0.0-rc.1',
179 silly addNameRange     '2.0.0-rc.2',
179 silly addNameRange     '2.0.0-rc.3',
179 silly addNameRange     '2.0.0-rc.4',
179 silly addNameRange     '2.0.0-rc.5',
179 silly addNameRange     '2.0.0-rc.6',
179 silly addNameRange     '2.0.0',
179 silly addNameRange     '2.0.1' ] ]
180 silly addNamed async@1.5.2
181 verbose addNamed "1.5.2" is a plain semver version for async
182 verbose afterAdd C:\Users\Colin\AppData\Roaming\npm-cache\debug\2.2.0\package\package.json written
183 silly cache afterAdd async@1.5.2
184 verbose afterAdd C:\Users\Colin\AppData\Roaming\npm-cache\async\1.5.2\package\package.json not in flight; writing
185 verbose correctMkdir C:\Users\Colin\AppData\Roaming\npm-cache correctMkdir not in flight; initializing
186 verbose afterAdd C:\Users\Colin\AppData\Roaming\npm-cache\async\1.5.2\package\package.json written
187 silly fetchNamedPackageData bindings
188 silly mapToRegistry name bindings
189 silly mapToRegistry using default registry
190 silly mapToRegistry registry https://registry.npmjs.org/
191 silly mapToRegistry data Result {
191 silly mapToRegistry   raw: 'bindings',
191 silly mapToRegistry   scope: null,
191 silly mapToRegistry   name: 'bindings',
191 silly mapToRegistry   rawSpec: '',
191 silly mapToRegistry   spec: 'latest',
191 silly mapToRegistry   type: 'tag' }
192 silly mapToRegistry uri https://registry.npmjs.org/bindings
193 silly fetchNamedPackageData nan
194 silly mapToRegistry name nan
195 silly mapToRegistry using default registry
196 silly mapToRegistry registry https://registry.npmjs.org/
197 silly mapToRegistry data Result {
197 silly mapToRegistry   raw: 'nan',
197 silly mapToRegistry   scope: null,
197 silly mapToRegistry   name: 'nan',
197 silly mapToRegistry   rawSpec: '',
197 silly mapToRegistry   spec: 'latest',
197 silly mapToRegistry   type: 'tag' }
198 silly mapToRegistry uri https://registry.npmjs.org/nan
199 verbose request uri https://registry.npmjs.org/bindings
200 verbose request no auth needed
201 info attempt registry request try #1 at 4:08:23 PM
202 verbose etag "33TX4J3DNTGF7K41ZUV6OA182"
203 http request GET https://registry.npmjs.org/bindings
204 verbose request uri https://registry.npmjs.org/nan
205 verbose request no auth needed
206 info attempt registry request try #1 at 4:08:23 PM
207 verbose etag "NAY6YRKIZAXUCU18M1YHIEA2"
208 http request GET https://registry.npmjs.org/nan
209 http 304 https://registry.npmjs.org/nan
210 verbose headers { date: 'Mon, 29 Aug 2016 20:08:23 GMT',
210 verbose headers   via: '1.1 varnish',
210 verbose headers   'cache-control': 'max-age=300',
210 verbose headers   etag: '"NAY6YRKIZAXUCU18M1YHIEA2"',
210 verbose headers   age: '263',
210 verbose headers   connection: 'keep-alive',
210 verbose headers   'x-served-by': 'cache-yyz8328-YYZ',
210 verbose headers   'x-cache': 'HIT',
210 verbose headers   'x-cache-hits': '2',
210 verbose headers   'x-timer': 'S1472501303.912110,VS0,VE0',
210 verbose headers   vary: 'Accept-Encoding' }
211 silly get cb [ 304,
211 silly get   { date: 'Mon, 29 Aug 2016 20:08:23 GMT',
211 silly get     via: '1.1 varnish',
211 silly get     'cache-control': 'max-age=300',
211 silly get     etag: '"NAY6YRKIZAXUCU18M1YHIEA2"',
211 silly get     age: '263',
211 silly get     connection: 'keep-alive',
211 silly get     'x-served-by': 'cache-yyz8328-YYZ',
211 silly get     'x-cache': 'HIT',
211 silly get     'x-cache-hits': '2',
211 silly get     'x-timer': 'S1472501303.912110,VS0,VE0',
211 silly get     vary: 'Accept-Encoding' } ]
212 verbose etag https://registry.npmjs.org/nan from cache
213 verbose get saving nan to C:\Users\Colin\AppData\Roaming\npm-cache\registry.npmjs.org\nan\.cache.json
214 verbose correctMkdir C:\Users\Colin\AppData\Roaming\npm-cache correctMkdir not in flight; initializing
215 silly resolveWithNewModule nan@2.4.0 checking installable status
216 silly cache add args [ 'nan@~2.4.0', null ]
217 verbose cache add spec nan@~2.4.0
218 silly cache add parsed spec Result {
218 silly cache add   raw: 'nan@~2.4.0',
218 silly cache add   scope: null,
218 silly cache add   name: 'nan',
218 silly cache add   rawSpec: '~2.4.0',
218 silly cache add   spec: '>=2.4.0 <2.5.0',
218 silly cache add   type: 'range' }
219 silly addNamed nan@>=2.4.0 <2.5.0
220 verbose addNamed ">=2.4.0 <2.5.0" is a valid semver range for nan
221 silly addNameRange { name: 'nan', range: '>=2.4.0 <2.5.0', hasData: false }
222 silly mapToRegistry name nan
223 silly mapToRegistry using default registry
224 silly mapToRegistry registry https://registry.npmjs.org/
225 silly mapToRegistry data Result {
225 silly mapToRegistry   raw: 'nan',
225 silly mapToRegistry   scope: null,
225 silly mapToRegistry   name: 'nan',
225 silly mapToRegistry   rawSpec: '',
225 silly mapToRegistry   spec: 'latest',
225 silly mapToRegistry   type: 'tag' }
226 silly mapToRegistry uri https://registry.npmjs.org/nan
227 verbose addNameRange registry:https://registry.npmjs.org/nan not in flight; fetching
228 verbose get https://registry.npmjs.org/nan not expired, no request
229 silly addNameRange number 2 { name: 'nan', range: '>=2.4.0 <2.5.0', hasData: true }
230 silly addNameRange versions [ 'nan',
230 silly addNameRange   [ '0.3.0-wip',
230 silly addNameRange     '0.3.0-wip2',
230 silly addNameRange     '0.3.0',
230 silly addNameRange     '0.3.1',
230 silly addNameRange     '0.3.2',
230 silly addNameRange     '0.4.0',
230 silly addNameRange     '0.4.1',
230 silly addNameRange     '0.4.2',
230 silly addNameRange     '0.4.3',
230 silly addNameRange     '0.4.4',
230 silly addNameRange     '0.5.0',
230 silly addNameRange     '0.5.1',
230 silly addNameRange     '0.5.2',
230 silly addNameRange     '0.6.0',
230 silly addNameRange     '0.7.0',
230 silly addNameRange     '0.7.1',
230 silly addNameRange     '0.8.0',
230 silly addNameRange     '1.0.0',
230 silly addNameRange     '1.1.0',
230 silly addNameRange     '1.1.1',
230 silly addNameRange     '1.1.2',
230 silly addNameRange     '1.2.0',
230 silly addNameRange     '1.3.0',
230 silly addNameRange     '1.4.0',
230 silly addNameRange     '1.4.1',
230 silly addNameRange     '1.5.0',
230 silly addNameRange     '1.4.2',
230 silly addNameRange     '1.4.3',
230 silly addNameRange     '1.5.1',
230 silly addNameRange     '1.5.2',
230 silly addNameRange     '1.6.0',
230 silly addNameRange     '1.5.3',
230 silly addNameRange     '1.6.1',
230 silly addNameRange     '1.6.2',
230 silly addNameRange     '1.7.0',
230 silly addNameRange     '1.8.0',
230 silly addNameRange     '1.8.1',
230 silly addNameRange     '1.8.2',
230 silly addNameRange     '1.8.3',
230 silly addNameRange     '1.8.4',
230 silly addNameRange     '1.9.0',
230 silly addNameRange     '2.0.0',
230 silly addNameRange     '2.0.1',
230 silly addNameRange     '2.0.2',
230 silly addNameRange     '2.0.3',
230 silly addNameRange     '2.0.4',
230 silly addNameRange     '2.0.5',
230 silly addNameRange     '2.0.6',
230 silly addNameRange     '2.0.7',
230 silly addNameRange     '2.0.8',
230 silly addNameRange     '2.0.9',
230 silly addNameRange     '2.1.0',
230 silly addNameRange     '2.2.0',
230 silly addNameRange     '2.2.1',
230 silly addNameRange     '2.3.0',
230 silly addNameRange     '2.3.1',
230 silly addNameRange     '2.3.2',
230 silly addNameRange     '2.3.3',
230 silly addNameRange     '2.3.4',
230 silly addNameRange     '2.3.5',
230 silly addNameRange     '2.4.0' ] ]
231 silly addNamed nan@2.4.0
232 verbose addNamed "2.4.0" is a plain semver version for nan
233 http 304 https://registry.npmjs.org/bindings
234 verbose headers { date: 'Mon, 29 Aug 2016 20:08:23 GMT',
234 verbose headers   via: '1.1 varnish',
234 verbose headers   'cache-control': 'max-age=300',
234 verbose headers   etag: '"33TX4J3DNTGF7K41ZUV6OA182"',
234 verbose headers   age: '68',
234 verbose headers   connection: 'keep-alive',
234 verbose headers   'x-served-by': 'cache-yyz8321-YYZ',
234 verbose headers   'x-cache': 'HIT',
234 verbose headers   'x-cache-hits': '1',
234 verbose headers   'x-timer': 'S1472501303.919518,VS0,VE0',
234 verbose headers   vary: 'Accept-Encoding' }
235 silly get cb [ 304,
235 silly get   { date: 'Mon, 29 Aug 2016 20:08:23 GMT',
235 silly get     via: '1.1 varnish',
235 silly get     'cache-control': 'max-age=300',
235 silly get     etag: '"33TX4J3DNTGF7K41ZUV6OA182"',
235 silly get     age: '68',
235 silly get     connection: 'keep-alive',
235 silly get     'x-served-by': 'cache-yyz8321-YYZ',
235 silly get     'x-cache': 'HIT',
235 silly get     'x-cache-hits': '1',
235 silly get     'x-timer': 'S1472501303.919518,VS0,VE0',
235 silly get     vary: 'Accept-Encoding' } ]
236 verbose etag https://registry.npmjs.org/bindings from cache
237 verbose get saving bindings to C:\Users\Colin\AppData\Roaming\npm-cache\registry.npmjs.org\bindings\.cache.json
238 verbose correctMkdir C:\Users\Colin\AppData\Roaming\npm-cache correctMkdir not in flight; initializing
239 silly cache afterAdd nan@2.4.0
240 verbose afterAdd C:\Users\Colin\AppData\Roaming\npm-cache\nan\2.4.0\package\package.json not in flight; writing
241 verbose correctMkdir C:\Users\Colin\AppData\Roaming\npm-cache correctMkdir not in flight; initializing
242 silly resolveWithNewModule bindings@1.2.1 checking installable status
243 silly cache add args [ 'bindings@~1.2.1', null ]
244 verbose cache add spec bindings@~1.2.1
245 silly cache add parsed spec Result {
245 silly cache add   raw: 'bindings@~1.2.1',
245 silly cache add   scope: null,
245 silly cache add   name: 'bindings',
245 silly cache add   rawSpec: '~1.2.1',
245 silly cache add   spec: '>=1.2.1 <1.3.0',
245 silly cache add   type: 'range' }
246 silly addNamed bindings@>=1.2.1 <1.3.0
247 verbose addNamed ">=1.2.1 <1.3.0" is a valid semver range for bindings
248 silly addNameRange { name: 'bindings', range: '>=1.2.1 <1.3.0', hasData: false }
249 silly mapToRegistry name bindings
250 silly mapToRegistry using default registry
251 silly mapToRegistry registry https://registry.npmjs.org/
252 silly mapToRegistry data Result {
252 silly mapToRegistry   raw: 'bindings',
252 silly mapToRegistry   scope: null,
252 silly mapToRegistry   name: 'bindings',
252 silly mapToRegistry   rawSpec: '',
252 silly mapToRegistry   spec: 'latest',
252 silly mapToRegistry   type: 'tag' }
253 silly mapToRegistry uri https://registry.npmjs.org/bindings
254 verbose addNameRange registry:https://registry.npmjs.org/bindings not in flight; fetching
255 verbose afterAdd C:\Users\Colin\AppData\Roaming\npm-cache\nan\2.4.0\package\package.json written
256 verbose get https://registry.npmjs.org/bindings not expired, no request
257 silly addNameRange number 2 { name: 'bindings', range: '>=1.2.1 <1.3.0', hasData: true }
258 silly addNameRange versions [ 'bindings',
258 silly addNameRange   [ '0.0.1',
258 silly addNameRange     '0.1.0',
258 silly addNameRange     '0.1.1',
258 silly addNameRange     '0.2.0',
258 silly addNameRange     '0.2.1',
258 silly addNameRange     '0.2.2',
258 silly addNameRange     '0.2.3',
258 silly addNameRange     '0.2.4',
258 silly addNameRange     '0.3.0',
258 silly addNameRange     '0.4.0',
258 silly addNameRange     '1.0.0',
258 silly addNameRange     '1.1.0',
258 silly addNameRange     '1.1.1',
258 silly addNameRange     '1.2.0',
258 silly addNameRange     '1.2.1' ] ]
259 silly addNamed bindings@1.2.1
260 verbose addNamed "1.2.1" is a plain semver version for bindings
261 silly cache afterAdd bindings@1.2.1
262 verbose afterAdd C:\Users\Colin\AppData\Roaming\npm-cache\bindings\1.2.1\package\package.json not in flight; writing
263 verbose correctMkdir C:\Users\Colin\AppData\Roaming\npm-cache correctMkdir not in flight; initializing
264 verbose afterAdd C:\Users\Colin\AppData\Roaming\npm-cache\bindings\1.2.1\package\package.json written
265 silly loadAllDepsIntoIdealTree Finishing
266 silly idealTree:prePrune Ion@
266 silly idealTree:prePrune +-- accepts@1.0.0
266 silly idealTree:prePrune +-- ansi-regex@2.0.0
266 silly idealTree:prePrune +-- ansi-styles@2.2.1
266 silly idealTree:prePrune +-- asn1@0.2.3
266 silly idealTree:prePrune +-- assert-plus@0.2.0
266 silly idealTree:prePrune +-- async@2.0.1
266 silly idealTree:prePrune +-- aws-sign2@0.6.0
266 silly idealTree:prePrune +-- aws4@1.4.1
266 silly idealTree:prePrune +-- bindings@1.2.1
266 silly idealTree:prePrune +-- bl@1.1.2
266 silly idealTree:prePrune +-- body-parser@1.0.2
266 silly idealTree:prePrune +-- boom@2.10.1
266 silly idealTree:prePrune +-- bson@0.2.22
266 silly idealTree:prePrune +-- buffer-crc32@0.2.1
266 silly idealTree:prePrune +-- bytes@1.0.0
266 silly idealTree:prePrune +-- caseless@0.11.0
266 silly idealTree:prePrune +-- chalk@1.1.3
266 silly idealTree:prePrune +-- combined-stream@1.0.5
266 silly idealTree:prePrune +-- commander@2.9.0
266 silly idealTree:prePrune +-- cookie-parser@1.0.1
266 silly idealTree:prePrune +-- cookie-signature@1.0.3
266 silly idealTree:prePrune +-- cookie@0.1.0
266 silly idealTree:prePrune +-- core-util-is@1.0.2
266 silly idealTree:prePrune +-- cryptiles@2.0.5
266 silly idealTree:prePrune +-- dashdash@1.14.0
266 silly idealTree:prePrune | `-- assert-plus@1.0.0
266 silly idealTree:prePrune +-- debug@0.8.1
266 silly idealTree:prePrune +-- delayed-stream@1.0.0
266 silly idealTree:prePrune +-- ecc-jsbn@0.1.1
266 silly idealTree:prePrune +-- ejs@0.8.8
266 silly idealTree:prePrune +-- epoll@0.1.20
266 silly idealTree:prePrune | `-- nan@2.4.0
266 silly idealTree:prePrune +-- escape-html@1.0.1
266 silly idealTree:prePrune +-- escape-string-regexp@1.0.5
266 silly idealTree:prePrune +-- etag@1.7.0
266 silly idealTree:prePrune +-- express@4.0.0
266 silly idealTree:prePrune | `-- type-is@1.0.0
266 silly idealTree:prePrune +-- extend@3.0.0
266 silly idealTree:prePrune +-- extsprintf@1.0.2
266 silly idealTree:prePrune +-- forever-agent@0.6.1
266 silly idealTree:prePrune +-- form-data@1.0.0-rc4
266 silly idealTree:prePrune | `-- async@1.5.2
266 silly idealTree:prePrune +-- fresh@0.2.2
266 silly idealTree:prePrune +-- generate-function@2.0.0
266 silly idealTree:prePrune +-- generate-object-property@1.2.0
266 silly idealTree:prePrune +-- getpass@0.1.6
266 silly idealTree:prePrune | `-- assert-plus@1.0.0
266 silly idealTree:prePrune +-- graceful-readlink@1.0.1
266 silly idealTree:prePrune +-- har-validator@2.0.6
266 silly idealTree:prePrune +-- has-ansi@2.0.0
266 silly idealTree:prePrune +-- hawk@3.1.3
266 silly idealTree:prePrune +-- hoek@2.16.3
266 silly idealTree:prePrune +-- http-signature@1.1.1
266 silly idealTree:prePrune +-- inherits@2.0.1
266 silly idealTree:prePrune +-- is-my-json-valid@2.13.1
266 silly idealTree:prePrune +-- is-property@1.0.2
266 silly idealTree:prePrune +-- is-typedarray@1.0.0
266 silly idealTree:prePrune +-- isarray@1.0.0
266 silly idealTree:prePrune +-- isstream@0.1.2
266 silly idealTree:prePrune +-- jodid25519@1.0.2
266 silly idealTree:prePrune +-- jsbn@0.1.0
266 silly idealTree:prePrune +-- json-schema@0.2.2
266 silly idealTree:prePrune +-- json-stringify-safe@5.0.1
266 silly idealTree:prePrune +-- jsonpointer@2.0.0
266 silly idealTree:prePrune +-- jsprim@1.3.0
266 silly idealTree:prePrune +-- lodash@4.14.1
266 silly idealTree:prePrune +-- merge-descriptors@0.0.2
266 silly idealTree:prePrune +-- method-override@1.0.2
266 silly idealTree:prePrune | `-- methods@1.0.0
266 silly idealTree:prePrune +-- methods@0.1.0
266 silly idealTree:prePrune +-- mime-db@1.23.0
266 silly idealTree:prePrune +-- mime-types@2.1.11
266 silly idealTree:prePrune +-- mime@1.2.11
266 silly idealTree:prePrune +-- morgan@1.0.1
266 silly idealTree:prePrune | `-- bytes@0.3.0
266 silly idealTree:prePrune +-- ms@0.7.1
266 silly idealTree:prePrune +-- nan@1.8.4
266 silly idealTree:prePrune +-- negotiator@0.3.0
266 silly idealTree:prePrune +-- node-uuid@1.4.7
266 silly idealTree:prePrune +-- oauth-sign@0.8.2
266 silly idealTree:prePrune +-- parseurl@1.0.1
266 silly idealTree:prePrune +-- path-to-regexp@0.1.2
266 silly idealTree:prePrune +-- pinkie-promise@2.0.1
266 silly idealTree:prePrune +-- pinkie@2.0.4
266 silly idealTree:prePrune +-- process-nextick-args@1.0.7
266 silly idealTree:prePrune +-- qs@0.6.6
266 silly idealTree:prePrune +-- range-parser@1.0.0
266 silly idealTree:prePrune +-- raw-body@1.1.7
266 silly idealTree:prePrune +-- readable-stream@2.0.6
266 silly idealTree:prePrune +-- request@2.74.0
266 silly idealTree:prePrune | `-- qs@6.2.1
266 silly idealTree:prePrune +-- rpi-gpio@0.7.0
266 silly idealTree:prePrune | +-- async@1.5.2
266 silly idealTree:prePrune | `-- debug@2.2.0
266 silly idealTree:prePrune +-- send@0.2.0
266 silly idealTree:prePrune +-- serve-favicon@2.3.0
266 silly idealTree:prePrune | +-- fresh@0.3.0
266 silly idealTree:prePrune | `-- parseurl@1.3.1
266 silly idealTree:prePrune +-- serve-static@1.0.1
266 silly idealTree:prePrune | +-- fresh@0.2.0
266 silly idealTree:prePrune | +-- range-parser@0.0.4
266 silly idealTree:prePrune | `-- send@0.1.4
266 silly idealTree:prePrune +-- sntp@1.0.9
266 silly idealTree:prePrune +-- sshpk@1.9.2
266 silly idealTree:prePrune | `-- assert-plus@1.0.0
266 silly idealTree:prePrune +-- string_decoder@0.10.31
266 silly idealTree:prePrune +-- stringstream@0.0.5
266 silly idealTree:prePrune +-- strip-ansi@3.0.1
266 silly idealTree:prePrune +-- supports-color@2.0.0
266 silly idealTree:prePrune +-- tough-cookie@2.3.1
266 silly idealTree:prePrune +-- tunnel-agent@0.4.3
266 silly idealTree:prePrune +-- tweetnacl@0.13.3
266 silly idealTree:prePrune +-- type-is@1.1.0
266 silly idealTree:prePrune +-- util-deprecate@1.0.2
266 silly idealTree:prePrune +-- utils-merge@1.0.0
266 silly idealTree:prePrune +-- verror@1.3.6
266 silly idealTree:prePrune `-- xtend@4.0.1
267 silly loadIdealTree Finishing
268 silly currentTree Ion@
268 silly currentTree +-- accepts@1.0.0
268 silly currentTree +-- ansi-regex@2.0.0
268 silly currentTree +-- ansi-styles@2.2.1
268 silly currentTree +-- asn1@0.2.3
268 silly currentTree +-- assert-plus@0.2.0
268 silly currentTree +-- async@2.0.1
268 silly currentTree +-- aws-sign2@0.6.0
268 silly currentTree +-- aws4@1.4.1
268 silly currentTree +-- bl@1.1.2
268 silly currentTree +-- body-parser@1.0.2
268 silly currentTree +-- boom@2.10.1
268 silly currentTree +-- bson@0.2.22
268 silly currentTree +-- buffer-crc32@0.2.1
268 silly currentTree +-- bytes@1.0.0
268 silly currentTree +-- caseless@0.11.0
268 silly currentTree +-- chalk@1.1.3
268 silly currentTree +-- combined-stream@1.0.5
268 silly currentTree +-- commander@2.9.0
268 silly currentTree +-- cookie-parser@1.0.1
268 silly currentTree +-- cookie-signature@1.0.3
268 silly currentTree +-- cookie@0.1.0
268 silly currentTree +-- core-util-is@1.0.2
268 silly currentTree +-- cryptiles@2.0.5
268 silly currentTree +-- dashdash@1.14.0
268 silly currentTree | `-- assert-plus@1.0.0
268 silly currentTree +-- debug@0.8.1
268 silly currentTree +-- delayed-stream@1.0.0
268 silly currentTree +-- ecc-jsbn@0.1.1
268 silly currentTree +-- ejs@0.8.8
268 silly currentTree +-- escape-html@1.0.1
268 silly currentTree +-- escape-string-regexp@1.0.5
268 silly currentTree +-- etag@1.7.0
268 silly currentTree +-- express@4.0.0
268 silly currentTree | `-- type-is@1.0.0
268 silly currentTree +-- extend@3.0.0
268 silly currentTree +-- extsprintf@1.0.2
268 silly currentTree +-- forever-agent@0.6.1
268 silly currentTree +-- form-data@1.0.0-rc4
268 silly currentTree | `-- async@1.5.2
268 silly currentTree +-- fresh@0.2.2
268 silly currentTree +-- generate-function@2.0.0
268 silly currentTree +-- generate-object-property@1.2.0
268 silly currentTree +-- getpass@0.1.6
268 silly currentTree | `-- assert-plus@1.0.0
268 silly currentTree +-- graceful-readlink@1.0.1
268 silly currentTree +-- har-validator@2.0.6
268 silly currentTree +-- has-ansi@2.0.0
268 silly currentTree +-- hawk@3.1.3
268 silly currentTree +-- hoek@2.16.3
268 silly currentTree +-- http-signature@1.1.1
268 silly currentTree +-- inherits@2.0.1
268 silly currentTree +-- is-my-json-valid@2.13.1
268 silly currentTree +-- is-property@1.0.2
268 silly currentTree +-- is-typedarray@1.0.0
268 silly currentTree +-- isarray@1.0.0
268 silly currentTree +-- isstream@0.1.2
268 silly currentTree +-- jodid25519@1.0.2
268 silly currentTree +-- jsbn@0.1.0
268 silly currentTree +-- json-schema@0.2.2
268 silly currentTree +-- json-stringify-safe@5.0.1
268 silly currentTree +-- jsonpointer@2.0.0
268 silly currentTree +-- jsprim@1.3.0
268 silly currentTree +-- lodash@4.14.1
268 silly currentTree +-- merge-descriptors@0.0.2
268 silly currentTree +-- method-override@1.0.2
268 silly currentTree | `-- methods@1.0.0
268 silly currentTree +-- methods@0.1.0
268 silly currentTree +-- mime-db@1.23.0
268 silly currentTree +-- mime-types@2.1.11
268 silly currentTree +-- mime@1.2.11
268 silly currentTree +-- morgan@1.0.1
268 silly currentTree | `-- bytes@0.3.0
268 silly currentTree +-- ms@0.7.1
268 silly currentTree +-- nan@1.8.4
268 silly currentTree +-- negotiator@0.3.0
268 silly currentTree +-- node-uuid@1.4.7
268 silly currentTree +-- oauth-sign@0.8.2
268 silly currentTree +-- parseurl@1.0.1
268 silly currentTree +-- path-to-regexp@0.1.2
268 silly currentTree +-- pinkie-promise@2.0.1
268 silly currentTree +-- pinkie@2.0.4
268 silly currentTree +-- process-nextick-args@1.0.7
268 silly currentTree +-- qs@0.6.6
268 silly currentTree +-- range-parser@1.0.0
268 silly currentTree +-- raw-body@1.1.7
268 silly currentTree +-- readable-stream@2.0.6
268 silly currentTree +-- request@2.74.0
268 silly currentTree | `-- qs@6.2.1
268 silly currentTree +-- send@0.2.0
268 silly currentTree +-- serve-favicon@2.3.0
268 silly currentTree | +-- fresh@0.3.0
268 silly currentTree | `-- parseurl@1.3.1
268 silly currentTree +-- serve-static@1.0.1
268 silly currentTree | +-- fresh@0.2.0
268 silly currentTree | +-- range-parser@0.0.4
268 silly currentTree | `-- send@0.1.4
268 silly currentTree +-- sntp@1.0.9
268 silly currentTree +-- sshpk@1.9.2
268 silly currentTree | `-- assert-plus@1.0.0
268 silly currentTree +-- string_decoder@0.10.31
268 silly currentTree +-- stringstream@0.0.5
268 silly currentTree +-- strip-ansi@3.0.1
268 silly currentTree +-- supports-color@2.0.0
268 silly currentTree +-- tough-cookie@2.3.1
268 silly currentTree +-- tunnel-agent@0.4.3
268 silly currentTree +-- tweetnacl@0.13.3
268 silly currentTree +-- type-is@1.1.0
268 silly currentTree +-- util-deprecate@1.0.2
268 silly currentTree +-- utils-merge@1.0.0
268 silly currentTree +-- verror@1.3.6
268 silly currentTree `-- xtend@4.0.1
269 silly idealTree Ion@
269 silly idealTree +-- accepts@1.0.0
269 silly idealTree +-- ansi-regex@2.0.0
269 silly idealTree +-- ansi-styles@2.2.1
269 silly idealTree +-- asn1@0.2.3
269 silly idealTree +-- assert-plus@0.2.0
269 silly idealTree +-- async@2.0.1
269 silly idealTree +-- aws-sign2@0.6.0
269 silly idealTree +-- aws4@1.4.1
269 silly idealTree +-- bindings@1.2.1
269 silly idealTree +-- bl@1.1.2
269 silly idealTree +-- body-parser@1.0.2
269 silly idealTree +-- boom@2.10.1
269 silly idealTree +-- bson@0.2.22
269 silly idealTree +-- buffer-crc32@0.2.1
269 silly idealTree +-- bytes@1.0.0
269 silly idealTree +-- caseless@0.11.0
269 silly idealTree +-- chalk@1.1.3
269 silly idealTree +-- combined-stream@1.0.5
269 silly idealTree +-- commander@2.9.0
269 silly idealTree +-- cookie-parser@1.0.1
269 silly idealTree +-- cookie-signature@1.0.3
269 silly idealTree +-- cookie@0.1.0
269 silly idealTree +-- core-util-is@1.0.2
269 silly idealTree +-- cryptiles@2.0.5
269 silly idealTree +-- dashdash@1.14.0
269 silly idealTree | `-- assert-plus@1.0.0
269 silly idealTree +-- debug@0.8.1
269 silly idealTree +-- delayed-stream@1.0.0
269 silly idealTree +-- ecc-jsbn@0.1.1
269 silly idealTree +-- ejs@0.8.8
269 silly idealTree +-- epoll@0.1.20
269 silly idealTree | `-- nan@2.4.0
269 silly idealTree +-- escape-html@1.0.1
269 silly idealTree +-- escape-string-regexp@1.0.5
269 silly idealTree +-- etag@1.7.0
269 silly idealTree +-- express@4.0.0
269 silly idealTree | `-- type-is@1.0.0
269 silly idealTree +-- extend@3.0.0
269 silly idealTree +-- extsprintf@1.0.2
269 silly idealTree +-- forever-agent@0.6.1
269 silly idealTree +-- form-data@1.0.0-rc4
269 silly idealTree | `-- async@1.5.2
269 silly idealTree +-- fresh@0.2.2
269 silly idealTree +-- generate-function@2.0.0
269 silly idealTree +-- generate-object-property@1.2.0
269 silly idealTree +-- getpass@0.1.6
269 silly idealTree | `-- assert-plus@1.0.0
269 silly idealTree +-- graceful-readlink@1.0.1
269 silly idealTree +-- har-validator@2.0.6
269 silly idealTree +-- has-ansi@2.0.0
269 silly idealTree +-- hawk@3.1.3
269 silly idealTree +-- hoek@2.16.3
269 silly idealTree +-- http-signature@1.1.1
269 silly idealTree +-- inherits@2.0.1
269 silly idealTree +-- is-my-json-valid@2.13.1
269 silly idealTree +-- is-property@1.0.2
269 silly idealTree +-- is-typedarray@1.0.0
269 silly idealTree +-- isarray@1.0.0
269 silly idealTree +-- isstream@0.1.2
269 silly idealTree +-- jodid25519@1.0.2
269 silly idealTree +-- jsbn@0.1.0
269 silly idealTree +-- json-schema@0.2.2
269 silly idealTree +-- json-stringify-safe@5.0.1
269 silly idealTree +-- jsonpointer@2.0.0
269 silly idealTree +-- jsprim@1.3.0
269 silly idealTree +-- lodash@4.14.1
269 silly idealTree +-- merge-descriptors@0.0.2
269 silly idealTree +-- method-override@1.0.2
269 silly idealTree | `-- methods@1.0.0
269 silly idealTree +-- methods@0.1.0
269 silly idealTree +-- mime-db@1.23.0
269 silly idealTree +-- mime-types@2.1.11
269 silly idealTree +-- mime@1.2.11
269 silly idealTree +-- morgan@1.0.1
269 silly idealTree | `-- bytes@0.3.0
269 silly idealTree +-- ms@0.7.1
269 silly idealTree +-- nan@1.8.4
269 silly idealTree +-- negotiator@0.3.0
269 silly idealTree +-- node-uuid@1.4.7
269 silly idealTree +-- oauth-sign@0.8.2
269 silly idealTree +-- parseurl@1.0.1
269 silly idealTree +-- path-to-regexp@0.1.2
269 silly idealTree +-- pinkie-promise@2.0.1
269 silly idealTree +-- pinkie@2.0.4
269 silly idealTree +-- process-nextick-args@1.0.7
269 silly idealTree +-- qs@0.6.6
269 silly idealTree +-- range-parser@1.0.0
269 silly idealTree +-- raw-body@1.1.7
269 silly idealTree +-- readable-stream@2.0.6
269 silly idealTree +-- request@2.74.0
269 silly idealTree | `-- qs@6.2.1
269 silly idealTree +-- rpi-gpio@0.7.0
269 silly idealTree | +-- async@1.5.2
269 silly idealTree | `-- debug@2.2.0
269 silly idealTree +-- send@0.2.0
269 silly idealTree +-- serve-favicon@2.3.0
269 silly idealTree | +-- fresh@0.3.0
269 silly idealTree | `-- parseurl@1.3.1
269 silly idealTree +-- serve-static@1.0.1
269 silly idealTree | +-- fresh@0.2.0
269 silly idealTree | +-- range-parser@0.0.4
269 silly idealTree | `-- send@0.1.4
269 silly idealTree +-- sntp@1.0.9
269 silly idealTree +-- sshpk@1.9.2
269 silly idealTree | `-- assert-plus@1.0.0
269 silly idealTree +-- string_decoder@0.10.31
269 silly idealTree +-- stringstream@0.0.5
269 silly idealTree +-- strip-ansi@3.0.1
269 silly idealTree +-- supports-color@2.0.0
269 silly idealTree +-- tough-cookie@2.3.1
269 silly idealTree +-- tunnel-agent@0.4.3
269 silly idealTree +-- tweetnacl@0.13.3
269 silly idealTree +-- type-is@1.1.0
269 silly idealTree +-- util-deprecate@1.0.2
269 silly idealTree +-- utils-merge@1.0.0
269 silly idealTree +-- verror@1.3.6
269 silly idealTree `-- xtend@4.0.1
270 silly generateActionsToTake Starting
271 silly install generateActionsToTake
272 silly generateActionsToTake Finishing
273 silly diffTrees action count 6
274 silly diffTrees add bindings@1.2.1
275 silly diffTrees add nan@2.4.0
276 silly diffTrees add epoll@0.1.20
277 silly diffTrees add async@1.5.2
278 silly diffTrees add debug@2.2.0
279 silly diffTrees add rpi-gpio@0.7.0
280 silly decomposeActions action count 48
281 silly decomposeActions fetch bindings@1.2.1
282 silly decomposeActions extract bindings@1.2.1
283 silly decomposeActions test bindings@1.2.1
284 silly decomposeActions preinstall bindings@1.2.1
285 silly decomposeActions build bindings@1.2.1
286 silly decomposeActions install bindings@1.2.1
287 silly decomposeActions postinstall bindings@1.2.1
288 silly decomposeActions finalize bindings@1.2.1
289 silly decomposeActions fetch nan@2.4.0
290 silly decomposeActions extract nan@2.4.0
291 silly decomposeActions test nan@2.4.0
292 silly decomposeActions preinstall nan@2.4.0
293 silly decomposeActions build nan@2.4.0
294 silly decomposeActions install nan@2.4.0
295 silly decomposeActions postinstall nan@2.4.0
296 silly decomposeActions finalize nan@2.4.0
297 silly decomposeActions fetch epoll@0.1.20
298 silly decomposeActions extract epoll@0.1.20
299 silly decomposeActions test epoll@0.1.20
300 silly decomposeActions preinstall epoll@0.1.20
301 silly decomposeActions build epoll@0.1.20
302 silly decomposeActions install epoll@0.1.20
303 silly decomposeActions postinstall epoll@0.1.20
304 silly decomposeActions finalize epoll@0.1.20
305 silly decomposeActions fetch async@1.5.2
306 silly decomposeActions extract async@1.5.2
307 silly decomposeActions test async@1.5.2
308 silly decomposeActions preinstall async@1.5.2
309 silly decomposeActions build async@1.5.2
310 silly decomposeActions install async@1.5.2
311 silly decomposeActions postinstall async@1.5.2
312 silly decomposeActions finalize async@1.5.2
313 silly decomposeActions fetch debug@2.2.0
314 silly decomposeActions extract debug@2.2.0
315 silly decomposeActions test debug@2.2.0
316 silly decomposeActions preinstall debug@2.2.0
317 silly decomposeActions build debug@2.2.0
318 silly decomposeActions install debug@2.2.0
319 silly decomposeActions postinstall debug@2.2.0
320 silly decomposeActions finalize debug@2.2.0
321 silly decomposeActions fetch rpi-gpio@0.7.0
322 silly decomposeActions extract rpi-gpio@0.7.0
323 silly decomposeActions test rpi-gpio@0.7.0
324 silly decomposeActions preinstall rpi-gpio@0.7.0
325 silly decomposeActions build rpi-gpio@0.7.0
326 silly decomposeActions install rpi-gpio@0.7.0
327 silly decomposeActions postinstall rpi-gpio@0.7.0
328 silly decomposeActions finalize rpi-gpio@0.7.0
329 silly executeActions Starting
330 silly install executeActions
331 silly doSerial global-install 0
332 silly doParallel fetch 6
333 verbose correctMkdir C:\Users\Colin\AppData\Roaming\npm-cache\_locks correctMkdir not in flight; initializing
334 verbose lock using C:\Users\Colin\AppData\Roaming\npm-cache\_locks\staging-7a1f52876f71e7cb.lock for C:\Users\Colin\Documents\GitHub\ion\node_modules\.staging
335 silly doParallel extract 6
336 silly extract bindings@1.2.1
337 silly extract nan@2.4.0
338 silly extract epoll@0.1.20
339 silly extract async@1.5.2
340 silly extract debug@2.2.0
341 silly extract rpi-gpio@0.7.0
342 verbose unbuild node_modules\.staging\bindings-669a6083
343 verbose unbuild node_modules\.staging\epoll-6680a863
344 verbose unbuild node_modules\.staging\async-452a5719
345 verbose unbuild node_modules\.staging\nan-ad8596ac
346 verbose unbuild node_modules\.staging\debug-097744cf
347 verbose unbuild node_modules\.staging\rpi-gpio-69d36bf7
348 silly gentlyRm C:\Users\Colin\Documents\GitHub\ion\node_modules\.staging\bindings-669a6083 is being purged from base C:\Users\Colin\Documents\GitHub\ion
349 verbose gentlyRm don't care about contents; nuking C:\Users\Colin\Documents\GitHub\ion\node_modules\.staging\bindings-669a6083
350 silly gentlyRm C:\Users\Colin\Documents\GitHub\ion\node_modules\.staging\epoll-6680a863 is being purged from base C:\Users\Colin\Documents\GitHub\ion
351 verbose gentlyRm don't care about contents; nuking C:\Users\Colin\Documents\GitHub\ion\node_modules\.staging\epoll-6680a863
352 silly gentlyRm C:\Users\Colin\Documents\GitHub\ion\node_modules\.staging\async-452a5719 is being purged from base C:\Users\Colin\Documents\GitHub\ion
353 verbose gentlyRm don't care about contents; nuking C:\Users\Colin\Documents\GitHub\ion\node_modules\.staging\async-452a5719
354 silly gentlyRm C:\Users\Colin\Documents\GitHub\ion\node_modules\.staging\nan-ad8596ac is being purged from base C:\Users\Colin\Documents\GitHub\ion
355 verbose gentlyRm don't care about contents; nuking C:\Users\Colin\Documents\GitHub\ion\node_modules\.staging\nan-ad8596ac
356 silly gentlyRm C:\Users\Colin\Documents\GitHub\ion\node_modules\.staging\debug-097744cf is being purged from base C:\Users\Colin\Documents\GitHub\ion
357 verbose gentlyRm don't care about contents; nuking C:\Users\Colin\Documents\GitHub\ion\node_modules\.staging\debug-097744cf
358 verbose tar unpack C:\Users\Colin\AppData\Roaming\npm-cache\bindings\1.2.1\package.tgz
359 verbose tar unpacking to C:\Users\Colin\Documents\GitHub\ion\node_modules\.staging\bindings-669a6083
360 silly gentlyRm C:\Users\Colin\Documents\GitHub\ion\node_modules\.staging\bindings-669a6083 is being purged
361 verbose gentlyRm don't care about contents; nuking C:\Users\Colin\Documents\GitHub\ion\node_modules\.staging\bindings-669a6083
362 verbose tar unpack C:\Users\Colin\AppData\Roaming\npm-cache\epoll\0.1.20\package.tgz
363 verbose tar unpacking to C:\Users\Colin\Documents\GitHub\ion\node_modules\.staging\epoll-6680a863
364 silly gentlyRm C:\Users\Colin\Documents\GitHub\ion\node_modules\.staging\epoll-6680a863 is being purged
365 verbose gentlyRm don't care about contents; nuking C:\Users\Colin\Documents\GitHub\ion\node_modules\.staging\epoll-6680a863
366 verbose tar unpack C:\Users\Colin\AppData\Roaming\npm-cache\async\1.5.2\package.tgz
367 verbose tar unpacking to C:\Users\Colin\Documents\GitHub\ion\node_modules\.staging\async-452a5719
368 silly gentlyRm C:\Users\Colin\Documents\GitHub\ion\node_modules\.staging\async-452a5719 is being purged
369 verbose gentlyRm don't care about contents; nuking C:\Users\Colin\Documents\GitHub\ion\node_modules\.staging\async-452a5719
370 verbose tar unpack C:\Users\Colin\AppData\Roaming\npm-cache\nan\2.4.0\package.tgz
371 verbose tar unpacking to C:\Users\Colin\Documents\GitHub\ion\node_modules\.staging\nan-ad8596ac
372 silly gentlyRm C:\Users\Colin\Documents\GitHub\ion\node_modules\.staging\nan-ad8596ac is being purged
373 verbose gentlyRm don't care about contents; nuking C:\Users\Colin\Documents\GitHub\ion\node_modules\.staging\nan-ad8596ac
374 verbose tar unpack C:\Users\Colin\AppData\Roaming\npm-cache\debug\2.2.0\package.tgz
375 verbose tar unpacking to C:\Users\Colin\Documents\GitHub\ion\node_modules\.staging\debug-097744cf
376 silly gentlyRm C:\Users\Colin\Documents\GitHub\ion\node_modules\.staging\debug-097744cf is being purged
377 verbose gentlyRm don't care about contents; nuking C:\Users\Colin\Documents\GitHub\ion\node_modules\.staging\debug-097744cf
378 silly gentlyRm C:\Users\Colin\Documents\GitHub\ion\node_modules\.staging\rpi-gpio-69d36bf7 is being purged from base C:\Users\Colin\Documents\GitHub\ion
379 verbose gentlyRm don't care about contents; nuking C:\Users\Colin\Documents\GitHub\ion\node_modules\.staging\rpi-gpio-69d36bf7
380 silly gunzTarPerm modes [ '777', '666' ]
381 silly gunzTarPerm modes [ '777', '666' ]
382 silly gunzTarPerm modes [ '777', '666' ]
383 silly gunzTarPerm modes [ '777', '666' ]
384 silly gunzTarPerm modes [ '777', '666' ]
385 verbose tar unpack C:\Users\Colin\AppData\Roaming\npm-cache\rpi-gpio\0.7.0\package.tgz
386 verbose tar unpacking to C:\Users\Colin\Documents\GitHub\ion\node_modules\.staging\rpi-gpio-69d36bf7
387 silly gentlyRm C:\Users\Colin\Documents\GitHub\ion\node_modules\.staging\rpi-gpio-69d36bf7 is being purged
388 verbose gentlyRm don't care about contents; nuking C:\Users\Colin\Documents\GitHub\ion\node_modules\.staging\rpi-gpio-69d36bf7
389 silly gunzTarPerm modes [ '777', '666' ]
390 silly gunzTarPerm extractEntry package.json
391 silly gunzTarPerm modified mode [ 'package.json', 436, 438 ]
392 silly gunzTarPerm extractEntry package.json
393 silly gunzTarPerm modified mode [ 'package.json', 420, 438 ]
394 silly gunzTarPerm extractEntry package.json
395 silly gunzTarPerm modified mode [ 'package.json', 436, 438 ]
396 silly gunzTarPerm extractEntry package.json
397 silly gunzTarPerm modified mode [ 'package.json', 436, 438 ]
398 silly gunzTarPerm extractEntry package.json
399 silly gunzTarPerm modified mode [ 'package.json', 420, 438 ]
400 silly gunzTarPerm extractEntry package.json
401 silly gunzTarPerm modified mode [ 'package.json', 436, 438 ]
402 silly gunzTarPerm extractEntry .npmignore
403 silly gunzTarPerm modified mode [ '.npmignore', 436, 438 ]
404 silly gunzTarPerm extractEntry README.md
405 silly gunzTarPerm modified mode [ 'README.md', 436, 438 ]
406 silly gunzTarPerm extractEntry README.md
407 silly gunzTarPerm modified mode [ 'README.md', 420, 438 ]
408 silly gunzTarPerm extractEntry bindings.js
409 silly gunzTarPerm modified mode [ 'bindings.js', 420, 438 ]
410 silly gunzTarPerm extractEntry README.md
411 silly gunzTarPerm modified mode [ 'README.md', 436, 438 ]
412 silly gunzTarPerm extractEntry .npmignore
413 silly gunzTarPerm modified mode [ '.npmignore', 420, 438 ]
414 silly gunzTarPerm extractEntry node.js
415 silly gunzTarPerm modified mode [ 'node.js', 420, 438 ]
416 silly gunzTarPerm extractEntry README.md
417 silly gunzTarPerm modified mode [ 'README.md', 436, 438 ]
418 silly gunzTarPerm extractEntry LICENSE
419 silly gunzTarPerm modified mode [ 'LICENSE', 436, 438 ]
420 silly gunzTarPerm extractEntry include_dirs.js
421 silly gunzTarPerm modified mode [ 'include_dirs.js', 436, 438 ]
422 silly gunzTarPerm extractEntry .npmignore
423 silly gunzTarPerm modified mode [ '.npmignore', 509, 511 ]
424 silly gunzTarPerm extractEntry README.md
425 silly gunzTarPerm modified mode [ 'README.md', 509, 511 ]
426 silly gunzTarPerm extractEntry debug.js
427 silly gunzTarPerm modified mode [ 'debug.js', 420, 438 ]
428 silly gunzTarPerm extractEntry browser.js
429 silly gunzTarPerm modified mode [ 'browser.js', 420, 438 ]
430 silly gunzTarPerm extractEntry CHANGELOG.md
431 silly gunzTarPerm modified mode [ 'CHANGELOG.md', 436, 438 ]
432 silly gunzTarPerm extractEntry dist/async.js
433 silly gunzTarPerm modified mode [ 'dist/async.js', 436, 438 ]
434 silly gunzTarPerm extractEntry dist/async.min.js
435 silly gunzTarPerm modified mode [ 'dist/async.min.js', 436, 438 ]
436 silly gunzTarPerm extractEntry rpi-gpio.js
437 silly gunzTarPerm modified mode [ 'rpi-gpio.js', 509, 511 ]
438 silly gunzTarPerm extractEntry .travis.yml
439 silly gunzTarPerm modified mode [ '.travis.yml', 509, 511 ]
440 silly gunzTarPerm extractEntry MIT-LICENSE.txt
441 silly gunzTarPerm modified mode [ 'MIT-LICENSE.txt', 436, 438 ]
442 silly gunzTarPerm extractEntry test/main.js
443 silly gunzTarPerm modified mode [ 'test/main.js', 509, 511 ]
444 silly gunzTarPerm extractEntry test/integration/main.js
445 silly gunzTarPerm modified mode [ 'test/integration/main.js', 436, 438 ]
446 silly gunzTarPerm extractEntry LICENSE
447 silly gunzTarPerm modified mode [ 'LICENSE', 436, 438 ]
448 silly gunzTarPerm extractEntry epoll.js
449 silly gunzTarPerm modified mode [ 'epoll.js', 436, 438 ]
450 silly gunzTarPerm extractEntry nan_callbacks_pre_12_inl.h
451 silly gunzTarPerm modified mode [ 'nan_callbacks_pre_12_inl.h', 436, 438 ]
452 silly gunzTarPerm extractEntry CHANGELOG.md
453 silly gunzTarPerm modified mode [ 'CHANGELOG.md', 436, 438 ]
454 silly gunzTarPerm extractEntry LICENSE.md
455 silly gunzTarPerm modified mode [ 'LICENSE.md', 436, 438 ]
456 silly gunzTarPerm extractEntry lib/async.js
457 silly gunzTarPerm modified mode [ 'lib/async.js', 436, 438 ]
458 silly gunzTarPerm extractEntry doc/node_misc.md
459 silly gunzTarPerm modified mode [ 'doc/node_misc.md', 436, 438 ]
460 silly gunzTarPerm extractEntry Readme.md
461 silly gunzTarPerm modified mode [ 'Readme.md', 420, 438 ]
462 silly gunzTarPerm extractEntry History.md
463 silly gunzTarPerm modified mode [ 'History.md', 436, 438 ]
464 silly gunzTarPerm extractEntry binding.gyp
465 silly gunzTarPerm modified mode [ 'binding.gyp', 436, 438 ]
466 silly gunzTarPerm extractEntry example/interrupts-per-second/interrupts-per-second.js
467 silly gunzTarPerm modified mode [ 'example/interrupts-per-second/interrupts-per-second.js',
467 silly gunzTarPerm   436,
467 silly gunzTarPerm   438 ]
468 silly gunzTarPerm extractEntry example/interrupts-per-second/export
469 silly gunzTarPerm modified mode [ 'example/interrupts-per-second/export', 509, 511 ]
470 silly gunzTarPerm extractEntry example/interrupts-per-second/unexport
471 silly gunzTarPerm modified mode [ 'example/interrupts-per-second/unexport', 509, 511 ]
472 silly gunzTarPerm extractEntry example/watch-button/watch-button.js
473 silly gunzTarPerm modified mode [ 'example/watch-button/watch-button.js', 436, 438 ]
474 silly gunzTarPerm extractEntry example/watch-button/export
475 silly gunzTarPerm modified mode [ 'example/watch-button/export', 509, 511 ]
476 silly gunzTarPerm extractEntry example/watch-button/unexport
477 silly gunzTarPerm modified mode [ 'example/watch-button/unexport', 509, 511 ]
478 silly gunzTarPerm extractEntry src/epoll.cc
479 silly gunzTarPerm modified mode [ 'src/epoll.cc', 436, 438 ]
480 silly gunzTarPerm extractEntry src/epoll.h
481 silly gunzTarPerm modified mode [ 'src/epoll.h', 436, 438 ]
482 silly gunzTarPerm extractEntry test/brute-force-leak-check.js
483 silly gunzTarPerm modified mode [ 'test/brute-force-leak-check.js', 436, 438 ]
484 silly gunzTarPerm extractEntry test/do-almost-nothing.js
485 silly gunzTarPerm modified mode [ 'test/do-almost-nothing.js', 436, 438 ]
486 silly gunzTarPerm extractEntry test/do-nothing.js
487 silly gunzTarPerm modified mode [ 'test/do-nothing.js', 436, 438 ]
488 silly gunzTarPerm extractEntry test/no-gc-allowed.js
489 silly gunzTarPerm modified mode [ 'test/no-gc-allowed.js', 436, 438 ]
490 silly gunzTarPerm extractEntry test/closed.js
491 silly gunzTarPerm modified mode [ 'test/closed.js', 436, 438 ]
492 silly gunzTarPerm extractEntry test/performance-check.js
493 silly gunzTarPerm modified mode [ 'test/performance-check.js', 436, 438 ]
494 silly gunzTarPerm extractEntry test/util.js
495 silly gunzTarPerm modified mode [ 'test/util.js', 436, 438 ]
496 silly gunzTarPerm extractEntry test/two-shot.js
497 silly gunzTarPerm modified mode [ 'test/two-shot.js', 436, 438 ]
498 silly gunzTarPerm extractEntry test/verify-events.js
499 silly gunzTarPerm modified mode [ 'test/verify-events.js', 436, 438 ]
500 silly gunzTarPerm extractEntry test/one-shot.js
501 silly gunzTarPerm modified mode [ 'test/one-shot.js', 436, 438 ]
502 silly gunzTarPerm extractEntry test/run-tests
503 silly gunzTarPerm modified mode [ 'test/run-tests', 509, 511 ]
504 silly gunzTarPerm extractEntry doc/asyncworker.md
505 silly gunzTarPerm modified mode [ 'doc/asyncworker.md', 436, 438 ]
506 silly gunzTarPerm extractEntry doc/callback.md
507 silly gunzTarPerm modified mode [ 'doc/callback.md', 436, 438 ]
508 silly gunzTarPerm extractEntry bower.json
509 silly gunzTarPerm modified mode [ 'bower.json', 420, 438 ]
510 silly gunzTarPerm extractEntry .jshintrc
511 silly gunzTarPerm modified mode [ '.jshintrc', 420, 438 ]
512 silly gunzTarPerm extractEntry doc/converters.md
513 silly gunzTarPerm modified mode [ 'doc/converters.md', 436, 438 ]
514 silly gunzTarPerm extractEntry doc/errors.md
515 silly gunzTarPerm modified mode [ 'doc/errors.md', 436, 438 ]
516 silly gunzTarPerm extractEntry component.json
517 silly gunzTarPerm modified mode [ 'component.json', 420, 438 ]
518 silly gunzTarPerm extractEntry Makefile
519 silly gunzTarPerm modified mode [ 'Makefile', 420, 438 ]
520 silly gentlyRm C:\Users\Colin\Documents\GitHub\ion\node_modules\.staging\bindings-669a6083\node_modules is being purged
521 verbose gentlyRm don't care about contents; nuking C:\Users\Colin\Documents\GitHub\ion\node_modules\.staging\bindings-669a6083\node_modules
522 silly gunzTarPerm extractEntry doc/maybe_types.md
523 silly gunzTarPerm modified mode [ 'doc/maybe_types.md', 436, 438 ]
524 silly gunzTarPerm extractEntry doc/methods.md
525 silly gunzTarPerm modified mode [ 'doc/methods.md', 436, 438 ]
526 silly gunzTarPerm extractEntry History.md
527 silly gunzTarPerm modified mode [ 'History.md', 420, 438 ]
528 silly gunzTarPerm extractEntry doc/new.md
529 silly gunzTarPerm modified mode [ 'doc/new.md', 436, 438 ]
530 silly gunzTarPerm extractEntry doc/buffers.md
531 silly gunzTarPerm modified mode [ 'doc/buffers.md', 436, 438 ]
532 silly gunzTarPerm extractEntry doc/object_wrappers.md
533 silly gunzTarPerm modified mode [ 'doc/object_wrappers.md', 436, 438 ]
534 silly gunzTarPerm extractEntry doc/persistent.md
535 silly gunzTarPerm modified mode [ 'doc/persistent.md', 436, 438 ]
536 silly gunzTarPerm extractEntry doc/scopes.md
537 silly gunzTarPerm modified mode [ 'doc/scopes.md', 436, 438 ]
538 silly gunzTarPerm extractEntry doc/script.md
539 silly gunzTarPerm modified mode [ 'doc/script.md', 436, 438 ]
540 silly gunzTarPerm extractEntry doc/string_bytes.md
541 silly gunzTarPerm modified mode [ 'doc/string_bytes.md', 436, 438 ]
542 silly gunzTarPerm extractEntry doc/v8_internals.md
543 silly gunzTarPerm modified mode [ 'doc/v8_internals.md', 436, 438 ]
544 silly gunzTarPerm extractEntry doc/v8_misc.md
545 silly gunzTarPerm modified mode [ 'doc/v8_misc.md', 436, 438 ]
546 silly gentlyRm C:\Users\Colin\Documents\GitHub\ion\node_modules\.staging\rpi-gpio-69d36bf7\node_modules is being purged
547 verbose gentlyRm don't care about contents; nuking C:\Users\Colin\Documents\GitHub\ion\node_modules\.staging\rpi-gpio-69d36bf7\node_modules
548 silly gunzTarPerm extractEntry nan.h
549 silly gunzTarPerm modified mode [ 'nan.h', 436, 438 ]
550 silly gunzTarPerm extractEntry nan_callbacks.h
551 silly gunzTarPerm modified mode [ 'nan_callbacks.h', 436, 438 ]
552 silly gentlyRm C:\Users\Colin\Documents\GitHub\ion\node_modules\.staging\async-452a5719\node_modules is being purged
553 verbose gentlyRm don't care about contents; nuking C:\Users\Colin\Documents\GitHub\ion\node_modules\.staging\async-452a5719\node_modules
554 silly gentlyRm C:\Users\Colin\Documents\GitHub\ion\node_modules\.staging\debug-097744cf\node_modules is being purged
555 verbose gentlyRm don't care about contents; nuking C:\Users\Colin\Documents\GitHub\ion\node_modules\.staging\debug-097744cf\node_modules
556 silly gunzTarPerm extractEntry nan_callbacks_12_inl.h
557 silly gunzTarPerm modified mode [ 'nan_callbacks_12_inl.h', 436, 438 ]
558 silly gunzTarPerm extractEntry nan_converters.h
559 silly gunzTarPerm modified mode [ 'nan_converters.h', 436, 438 ]
560 silly gunzTarPerm extractEntry nan_converters_43_inl.h
561 silly gunzTarPerm modified mode [ 'nan_converters_43_inl.h', 436, 438 ]
562 silly gunzTarPerm extractEntry nan_converters_pre_43_inl.h
563 silly gunzTarPerm modified mode [ 'nan_converters_pre_43_inl.h', 436, 438 ]
564 silly gunzTarPerm extractEntry nan_implementation_12_inl.h
565 silly gunzTarPerm modified mode [ 'nan_implementation_12_inl.h', 436, 438 ]
566 silly gunzTarPerm extractEntry nan_implementation_pre_12_inl.h
567 silly gunzTarPerm modified mode [ 'nan_implementation_pre_12_inl.h', 436, 438 ]
568 silly gunzTarPerm extractEntry nan_maybe_43_inl.h
569 silly gunzTarPerm modified mode [ 'nan_maybe_43_inl.h', 436, 438 ]
570 silly gunzTarPerm extractEntry nan_maybe_pre_43_inl.h
571 silly gunzTarPerm modified mode [ 'nan_maybe_pre_43_inl.h', 436, 438 ]
572 silly gunzTarPerm extractEntry nan_new.h
573 silly gunzTarPerm modified mode [ 'nan_new.h', 436, 438 ]
574 silly gunzTarPerm extractEntry nan_object_wrap.h
575 silly gunzTarPerm modified mode [ 'nan_object_wrap.h', 436, 438 ]
576 silly gunzTarPerm extractEntry nan_persistent_12_inl.h
577 silly gunzTarPerm modified mode [ 'nan_persistent_12_inl.h', 436, 438 ]
578 silly gunzTarPerm extractEntry nan_persistent_pre_12_inl.h
579 silly gunzTarPerm modified mode [ 'nan_persistent_pre_12_inl.h', 436, 438 ]
580 silly gunzTarPerm extractEntry nan_string_bytes.h
581 silly gunzTarPerm modified mode [ 'nan_string_bytes.h', 436, 438 ]
582 silly gunzTarPerm extractEntry nan_typedarray_contents.h
583 silly gunzTarPerm modified mode [ 'nan_typedarray_contents.h', 436, 438 ]
584 silly gunzTarPerm extractEntry nan_weak.h
585 silly gunzTarPerm modified mode [ 'nan_weak.h', 436, 438 ]
586 silly gunzTarPerm extractEntry tools/package.json
587 silly gunzTarPerm modified mode [ 'tools/package.json', 436, 438 ]
588 silly gunzTarPerm extractEntry tools/README.md
589 silly gunzTarPerm modified mode [ 'tools/README.md', 436, 438 ]
590 silly gunzTarPerm extractEntry tools/1to2.js
591 silly gunzTarPerm modified mode [ 'tools/1to2.js', 509, 511 ]
592 silly gentlyRm C:\Users\Colin\Documents\GitHub\ion\node_modules\.staging\epoll-6680a863\node_modules is being purged
593 verbose gentlyRm don't care about contents; nuking C:\Users\Colin\Documents\GitHub\ion\node_modules\.staging\epoll-6680a863\node_modules
594 silly gentlyRm C:\Users\Colin\Documents\GitHub\ion\node_modules\.staging\nan-ad8596ac\node_modules is being purged
595 verbose gentlyRm don't care about contents; nuking C:\Users\Colin\Documents\GitHub\ion\node_modules\.staging\nan-ad8596ac\node_modules
596 silly doParallel preinstall 6
597 silly preinstall bindings@1.2.1 C:\Users\Colin\Documents\GitHub\ion\node_modules\.staging\bindings-669a6083
598 info lifecycle bindings@1.2.1~preinstall: bindings@1.2.1
599 silly preinstall nan@2.4.0 C:\Users\Colin\Documents\GitHub\ion\node_modules\.staging\nan-ad8596ac
600 info lifecycle nan@2.4.0~preinstall: nan@2.4.0
601 silly preinstall epoll@0.1.20 C:\Users\Colin\Documents\GitHub\ion\node_modules\.staging\epoll-6680a863
602 info lifecycle epoll@0.1.20~preinstall: epoll@0.1.20
603 silly preinstall async@1.5.2 C:\Users\Colin\Documents\GitHub\ion\node_modules\.staging\async-452a5719
604 info lifecycle async@1.5.2~preinstall: async@1.5.2
605 silly preinstall debug@2.2.0 C:\Users\Colin\Documents\GitHub\ion\node_modules\.staging\debug-097744cf
606 info lifecycle debug@2.2.0~preinstall: debug@2.2.0
607 silly preinstall rpi-gpio@0.7.0 C:\Users\Colin\Documents\GitHub\ion\node_modules\.staging\rpi-gpio-69d36bf7
608 info lifecycle rpi-gpio@0.7.0~preinstall: rpi-gpio@0.7.0
609 silly lifecycle bindings@1.2.1~preinstall: no script for preinstall, continuing
610 silly lifecycle nan@2.4.0~preinstall: no script for preinstall, continuing
611 silly lifecycle epoll@0.1.20~preinstall: no script for preinstall, continuing
612 silly lifecycle async@1.5.2~preinstall: no script for preinstall, continuing
613 silly lifecycle debug@2.2.0~preinstall: no script for preinstall, continuing
614 silly lifecycle rpi-gpio@0.7.0~preinstall: no script for preinstall, continuing
615 silly doReverseSerial remove 0
616 silly doSerial move 0
617 silly doSerial finalize 6
618 silly finalize C:\Users\Colin\Documents\GitHub\ion\node_modules\bindings
619 silly finalize C:\Users\Colin\Documents\GitHub\ion\node_modules\epoll\node_modules\nan
620 silly finalize C:\Users\Colin\Documents\GitHub\ion\node_modules\epoll
621 silly finalize C:\Users\Colin\Documents\GitHub\ion\node_modules\rpi-gpio\node_modules\async
622 silly finalize C:\Users\Colin\Documents\GitHub\ion\node_modules\rpi-gpio\node_modules\debug
623 silly finalize C:\Users\Colin\Documents\GitHub\ion\node_modules\rpi-gpio
624 silly doSerial build 6
625 silly build bindings@1.2.1
626 info linkStuff bindings@1.2.1
627 silly linkStuff bindings@1.2.1 has C:\Users\Colin\Documents\GitHub\ion\node_modules as its parent node_modules
628 verbose linkBins bindings@1.2.1
629 verbose linkMans bindings@1.2.1
630 silly build nan@2.4.0
631 info linkStuff nan@2.4.0
632 silly linkStuff nan@2.4.0 has C:\Users\Colin\Documents\GitHub\ion\node_modules\epoll\node_modules as its parent node_modules
633 verbose linkBins nan@2.4.0
634 verbose linkMans nan@2.4.0
635 silly build epoll@0.1.20
636 info linkStuff epoll@0.1.20
637 silly linkStuff epoll@0.1.20 has C:\Users\Colin\Documents\GitHub\ion\node_modules as its parent node_modules
638 verbose linkBins epoll@0.1.20
639 verbose linkMans epoll@0.1.20
640 silly build async@1.5.2
641 info linkStuff async@1.5.2
642 silly linkStuff async@1.5.2 has C:\Users\Colin\Documents\GitHub\ion\node_modules\rpi-gpio\node_modules as its parent node_modules
643 verbose linkBins async@1.5.2
644 verbose linkMans async@1.5.2
645 silly build debug@2.2.0
646 info linkStuff debug@2.2.0
647 silly linkStuff debug@2.2.0 has C:\Users\Colin\Documents\GitHub\ion\node_modules\rpi-gpio\node_modules as its parent node_modules
648 verbose linkBins debug@2.2.0
649 verbose linkMans debug@2.2.0
650 silly build rpi-gpio@0.7.0
651 info linkStuff rpi-gpio@0.7.0
652 silly linkStuff rpi-gpio@0.7.0 has C:\Users\Colin\Documents\GitHub\ion\node_modules as its parent node_modules
653 verbose linkBins rpi-gpio@0.7.0
654 verbose linkMans rpi-gpio@0.7.0
655 silly doSerial global-link 0
656 silly doParallel update-linked 0
657 silly doSerial install 6
658 silly install bindings@1.2.1 C:\Users\Colin\Documents\GitHub\ion\node_modules\.staging\bindings-669a6083
659 info lifecycle bindings@1.2.1~install: bindings@1.2.1
660 silly lifecycle bindings@1.2.1~install: no script for install, continuing
661 silly install nan@2.4.0 C:\Users\Colin\Documents\GitHub\ion\node_modules\.staging\nan-ad8596ac
662 info lifecycle nan@2.4.0~install: nan@2.4.0
663 silly lifecycle nan@2.4.0~install: no script for install, continuing
664 silly install epoll@0.1.20 C:\Users\Colin\Documents\GitHub\ion\node_modules\.staging\epoll-6680a863
665 info lifecycle epoll@0.1.20~install: epoll@0.1.20
666 verbose lifecycle epoll@0.1.20~install: unsafe-perm in lifecycle true
667 verbose lifecycle epoll@0.1.20~install: PATH: C:\Users\Colin\AppData\Roaming\npm\node_modules\npm\bin\node-gyp-bin;C:\Users\Colin\Documents\GitHub\ion\node_modules\epoll\node_modules\.bin;C:\Users\Colin\Documents\GitHub\ion\node_modules\.bin;C:\Program Files (x86)\nodejs;C:\ProgramData\Oracle\Java\javapath;C:\Program Files (x86)\OpenSSH\bin;C:\Program Files (x86)\nodejs\;C:\Program Files (x86)\Skype\Phone\;C:\Program Files (x86)\NVIDIA Corporation\PhysX\Common;C:\Program Files\Intel\WiFi\bin\;C:\Program Files\Common Files\Intel\WirelessCommon\;C:\WINDOWS\system32;C:\WINDOWS;C:\Python34;C:\Python34\Scripts;C:\Users\Colin\AppData\Roaming\npm;C:\Users\Colin\AppData\Local\Programs\Git\cmd
668 verbose lifecycle epoll@0.1.20~install: CWD: C:\Users\Colin\Documents\GitHub\ion\node_modules\epoll
669 silly lifecycle epoll@0.1.20~install: Args: [ '/d /s /c', 'node-gyp rebuild' ]
670 silly lifecycle epoll@0.1.20~install: Returned: code: 1  signal: null
671 info lifecycle epoll@0.1.20~install: Failed to exec install script
672 verbose unlock done using C:\Users\Colin\AppData\Roaming\npm-cache\_locks\staging-7a1f52876f71e7cb.lock for C:\Users\Colin\Documents\GitHub\ion\node_modules\.staging
673 silly rollbackFailedOptional Starting
674 silly rollbackFailedOptional Finishing
675 silly runTopLevelLifecycles Starting
676 silly runTopLevelLifecycles Finishing
677 silly install printInstalled
678 warn Ion@ No description
679 warn Ion@ No repository field.
680 warn Ion@ No license field.
681 verbose stack Error: epoll@0.1.20 install: `node-gyp rebuild`
681 verbose stack Exit status 1
681 verbose stack     at EventEmitter.<anonymous> (C:\Users\Colin\AppData\Roaming\npm\node_modules\npm\lib\utils\lifecycle.js:239:16)
681 verbose stack     at emitTwo (events.js:87:13)
681 verbose stack     at EventEmitter.emit (events.js:172:7)
681 verbose stack     at ChildProcess.<anonymous> (C:\Users\Colin\AppData\Roaming\npm\node_modules\npm\lib\utils\spawn.js:24:14)
681 verbose stack     at emitTwo (events.js:87:13)
681 verbose stack     at ChildProcess.emit (events.js:172:7)
681 verbose stack     at maybeClose (internal/child_process.js:818:16)
681 verbose stack     at Process.ChildProcess._handle.onexit (internal/child_process.js:211:5)
682 verbose pkgid epoll@0.1.20
683 verbose cwd C:\Users\Colin\Documents\GitHub\ion
684 error Windows_NT 6.1.7601
685 error argv "C:\\Program Files (x86)\\nodejs\\node.exe" "C:\\Users\\Colin\\AppData\\Roaming\\npm\\node_modules\\npm\\bin\\npm-cli.js" "install" "rpi-gpio"
686 error node v4.2.1
687 error npm  v3.8.6
688 error code ELIFECYCLE
689 error epoll@0.1.20 install: `node-gyp rebuild`
689 error Exit status 1
690 error Failed at the epoll@0.1.20 install script 'node-gyp rebuild'.
690 error Make sure you have the latest version of node.js and npm installed.
690 error If you do, this is most likely a problem with the epoll package,
690 error not with npm itself.
690 error Tell the author that this fails on your system:
690 error     node-gyp rebuild
690 error You can get information on how to open an issue for this project with:
690 error     npm bugs epoll
690 error Or if that isn't available, you can get their info via:
690 error     npm owner ls epoll
690 error There is likely additional logging output above.
691 verbose exit [ 1, true ]
